Start auto log messages stack.	[MsgId: MMSG-10546]
vuser_init.c(65): Registering web_url("header.html") was successful  	[MsgId: MMSG-26390]
vuser_init.c(74): web_add_header("Sec-Fetch-Site") started  	[MsgId: MMSG-26355]
vuser_init.c(74): web_add_header("Sec-Fetch-Site") was successful  	[MsgId: MMSG-26392]
vuser_init.c(77): web_add_header("Sec-Fetch-Dest") started  	[MsgId: MMSG-26355]
vuser_init.c(77): web_add_header("Sec-Fetch-Dest") was successful  	[MsgId: MMSG-26392]
vuser_init.c(80): web_url("welcome.pl") started  	[MsgId: MMSG-26355]
vuser_init.c(80): Registering web_url("welcome.pl") was successful  	[MsgId: MMSG-26390]
vuser_init.c(89): web_concurrent_end started  	[MsgId: MMSG-26355]
vuser_init.c(80): Error -26612: HTTP Status-Code=500 (Internal Server Error) for "http://localhost:1080/cgi-bin/welcome.pl?signOff=true"   [issued at vuser_init.c(89)]  	[MsgId: MERR-26612]
End auto log messages stack.	[MsgId: MMSG-10544]


Start auto log messages stack.	[MsgId: MMSG-10546]
vuser_init.c(191): web_submit_data("login.pl") was successful, 465 body bytes, 229 header bytes, 12 chunking overhead bytes  	[MsgId: MMSG-26385]
vuser_init.c(208): web_concurrent_start started  	[MsgId: MMSG-26355]
vuser_init.c(208): web_concurrent_start was successful  	[MsgId: MMSG-26392]
vuser_init.c(210): web_url("nav.pl_2") started  	[MsgId: MMSG-26355]
vuser_init.c(210): Registering web_url("nav.pl_2") was successful  	[MsgId: MMSG-26390]
vuser_init.c(219): web_url("login.pl_2") started  	[MsgId: MMSG-26355]
vuser_init.c(219): Registering web_url("login.pl_2") was successful  	[MsgId: MMSG-26390]
vuser_init.c(228): web_concurrent_end started  	[MsgId: MMSG-26355]
vuser_init.c(219): Error -26612: HTTP Status-Code=500 (Internal Server Error) for "http://localhost:1080/cgi-bin/login.pl?intro=true"   [issued at vuser_init.c(228)]  	[MsgId: MERR-26612]
End auto log messages stack.	[MsgId: MMSG-10544]


Start auto log messages stack - Iteration 1.	[MsgId: MMSG-10545]
vuser_end.c(22): web_add_auto_header("Sec-Fetch-Dest") started  	[MsgId: MMSG-26355]
vuser_end.c(22): web_add_auto_header("Sec-Fetch-Dest") was successful  	[MsgId: MMSG-26392]
vuser_end.c(25): web_add_header("Sec-Fetch-User") started  	[MsgId: MMSG-26355]
vuser_end.c(25): web_add_header("Sec-Fetch-User") was successful  	[MsgId: MMSG-26392]
vuser_end.c(28): lr_think_time: 48.00 seconds.	[MsgId: MMSG-15948]
vuser_end.c(30): Notify: Transaction "1_signoff" started.	[MsgId: MMSG-16999]
vuser_end.c(31): web_reg_find started  	[MsgId: MMSG-26355]
vuser_end.c(31): Registering web_reg_find was successful  	[MsgId: MMSG-26390]
vuser_end.c(34): web_url("welcome.pl_3") started  	[MsgId: MMSG-26355]
vuser_end.c(34): Error -26366: "Text=Find Flight" not found for web_reg_find  	[MsgId: MERR-26366]
End auto log messages stack.	[MsgId: MMSG-10544]


Start auto log messages stack - Iteration 1.	[MsgId: MMSG-10545]
vuser_end.c(22): web_add_auto_header("Sec-Fetch-Dest") started  	[MsgId: MMSG-26355]
vuser_end.c(22): web_add_auto_header("Sec-Fetch-Dest") was successful  	[MsgId: MMSG-26392]
vuser_end.c(25): web_add_header("Sec-Fetch-User") started  	[MsgId: MMSG-26355]
vuser_end.c(25): web_add_header("Sec-Fetch-User") was successful  	[MsgId: MMSG-26392]
vuser_end.c(28): lr_think_time: 48.00 seconds.	[MsgId: MMSG-15948]
vuser_end.c(30): Notify: Transaction "1_signoff" started.	[MsgId: MMSG-16999]
vuser_end.c(31): web_reg_find started  	[MsgId: MMSG-26355]
vuser_end.c(31): Registering web_reg_find was successful  	[MsgId: MMSG-26390]
vuser_end.c(34): web_url("welcome.pl_3") started  	[MsgId: MMSG-26355]
vuser_end.c(34): Error -26366: "Text=Find Flight" not found for web_reg_find  	[MsgId: MERR-26366]
End auto log messages stack.	[MsgId: MMSG-10544]


Start auto log messages stack - Iteration 1.	[MsgId: MMSG-10545]
vuser_end.c(22): web_add_auto_header("Sec-Fetch-Dest") started  	[MsgId: MMSG-26355]
vuser_end.c(22): web_add_auto_header("Sec-Fetch-Dest") was successful  	[MsgId: MMSG-26392]
vuser_end.c(25): web_add_header("Sec-Fetch-User") started  	[MsgId: MMSG-26355]
vuser_end.c(25): web_add_header("Sec-Fetch-User") was successful  	[MsgId: MMSG-26392]
vuser_end.c(28): lr_think_time: 48.00 seconds.	[MsgId: MMSG-15948]
vuser_end.c(30): Notify: Transaction "1_signoff" started.	[MsgId: MMSG-16999]
vuser_end.c(31): web_reg_find started  	[MsgId: MMSG-26355]
vuser_end.c(31): Registering web_reg_find was successful  	[MsgId: MMSG-26390]
vuser_end.c(34): web_url("welcome.pl_3") started  	[MsgId: MMSG-26355]
vuser_end.c(34): Error -26366: "Text=Find Flight" not found for web_reg_find  	[MsgId: MERR-26366]
End auto log messages stack.	[MsgId: MMSG-10544]


Start auto log messages stack - Iteration 1.	[MsgId: MMSG-10545]
vuser_end.c(22): web_add_auto_header("Sec-Fetch-Dest") started  	[MsgId: MMSG-26355]
vuser_end.c(22): web_add_auto_header("Sec-Fetch-Dest") was successful  	[MsgId: MMSG-26392]
vuser_end.c(25): web_add_header("Sec-Fetch-User") started  	[MsgId: MMSG-26355]
vuser_end.c(25): web_add_header("Sec-Fetch-User") was successful  	[MsgId: MMSG-26392]
vuser_end.c(28): lr_think_time: 48.00 seconds.	[MsgId: MMSG-15948]
vuser_end.c(30): Notify: Transaction "1_signoff" started.	[MsgId: MMSG-16999]
vuser_end.c(31): web_reg_find started  	[MsgId: MMSG-26355]
vuser_end.c(31): Registering web_reg_find was successful  	[MsgId: MMSG-26390]
vuser_end.c(34): web_url("welcome.pl_3") started  	[MsgId: MMSG-26355]
vuser_end.c(34): Error -26366: "Text=Find Flight" not found for web_reg_find  	[MsgId: MERR-26366]
End auto log messages stack.	[MsgId: MMSG-10544]


