Start auto log messages stack - Iteration 1.	[MsgId: MMSG-10545]
vuser_end.c(22): web_add_auto_header("Sec-Fetch-Dest") started  	[MsgId: MMSG-26355]
vuser_end.c(22): web_add_auto_header("Sec-Fetch-Dest") was successful  	[MsgId: MMSG-26392]
vuser_end.c(25): web_add_header("Sec-Fetch-User") started  	[MsgId: MMSG-26355]
vuser_end.c(25): web_add_header("Sec-Fetch-User") was successful  	[MsgId: MMSG-26392]
vuser_end.c(28): lr_think_time: 48.00 seconds.	[MsgId: MMSG-15948]
vuser_end.c(30): Notify: Transaction "1_signoff" started.	[MsgId: MMSG-16999]
vuser_end.c(31): web_reg_find started  	[MsgId: MMSG-26355]
vuser_end.c(31): Registering web_reg_find was successful  	[MsgId: MMSG-26390]
vuser_end.c(34): web_url("welcome.pl_3") started  	[MsgId: MMSG-26355]
vuser_end.c(34): Error -26366: "Text=Find Flight" not found for web_reg_find  	[MsgId: MERR-26366]
End auto log messages stack.	[MsgId: MMSG-10544]


Start auto log messages stack - Iteration 1.	[MsgId: MMSG-10545]
vuser_end.c(22): web_add_auto_header("Sec-Fetch-Dest") started  	[MsgId: MMSG-26355]
vuser_end.c(22): web_add_auto_header("Sec-Fetch-Dest") was successful  	[MsgId: MMSG-26392]
vuser_end.c(25): web_add_header("Sec-Fetch-User") started  	[MsgId: MMSG-26355]
vuser_end.c(25): web_add_header("Sec-Fetch-User") was successful  	[MsgId: MMSG-26392]
vuser_end.c(28): lr_think_time: 48.00 seconds.	[MsgId: MMSG-15948]
vuser_end.c(30): Notify: Transaction "1_signoff" started.	[MsgId: MMSG-16999]
vuser_end.c(31): web_reg_find started  	[MsgId: MMSG-26355]
vuser_end.c(31): Registering web_reg_find was successful  	[MsgId: MMSG-26390]
vuser_end.c(34): web_url("welcome.pl_3") started  	[MsgId: MMSG-26355]
vuser_end.c(34): Error -26366: "Text=Find Flight" not found for web_reg_find  	[MsgId: MERR-26366]
End auto log messages stack.	[MsgId: MMSG-10544]


Start auto log messages stack - Iteration 1.	[MsgId: MMSG-10545]
Start auto log messages stack - Iteration 1.	[MsgId: MMSG-10545]
vuser_end.c(22): web_add_auto_header("Sec-Fetch-Dest") started  	[MsgId: MMSG-26355]
vuser_end.c(22): web_add_auto_header("Sec-Fetch-Dest") was successful  	[MsgId: MMSG-26392]
vuser_end.c(25): web_add_header("Sec-Fetch-User") started  	[MsgId: MMSG-26355]
vuser_end.c(25): web_add_header("Sec-Fetch-User") was successful  	[MsgId: MMSG-26392]
vuser_end.c(28): lr_think_time: 48.00 seconds.	[MsgId: MMSG-15948]
vuser_end.c(30): Notify: Transaction "1_signoff" started.	[MsgId: MMSG-16999]
vuser_end.c(31): web_reg_find started  	[MsgId: MMSG-26355]
vuser_end.c(22): web_add_auto_header("Sec-Fetch-Dest") started  	[MsgId: MMSG-26355]
vuser_end.c(22): web_add_auto_header("Sec-Fetch-Dest") was successful  	[MsgId: MMSG-26392]
vuser_end.c(31): Registering web_reg_find was successful  	[MsgId: MMSG-26390]
vuser_end.c(34): web_url("welcome.pl_3") started  	[MsgId: MMSG-26355]
vuser_end.c(25): web_add_header("Sec-Fetch-User") started  	[MsgId: MMSG-26355]
vuser_end.c(34): Error -26366: "Text=Find Flight" not found for web_reg_find  	[MsgId: MERR-26366]
vuser_end.c(25): web_add_header("Sec-Fetch-User") was successful  	[MsgId: MMSG-26392]
End auto log messages stack.	[MsgId: MMSG-10544]


vuser_end.c(28): lr_think_time: 48.00 seconds.	[MsgId: MMSG-15948]
vuser_end.c(30): Notify: Transaction "1_signoff" started.	[MsgId: MMSG-16999]
vuser_end.c(31): web_reg_find started  	[MsgId: MMSG-26355]
vuser_end.c(31): Registering web_reg_find was successful  	[MsgId: MMSG-26390]
vuser_end.c(34): web_url("welcome.pl_3") started  	[MsgId: MMSG-26355]
vuser_end.c(34): Error -26366: "Text=Find Flight" not found for web_reg_find  	[MsgId: MERR-26366]
End auto log messages stack.	[MsgId: MMSG-10544]


Start auto log messages stack - Iteration 1.	[MsgId: MMSG-10545]
vuser_end.c(22): web_add_auto_header("Sec-Fetch-Dest") started  	[MsgId: MMSG-26355]
vuser_end.c(22): web_add_auto_header("Sec-Fetch-Dest") was successful  	[MsgId: MMSG-26392]
vuser_end.c(25): web_add_header("Sec-Fetch-User") started  	[MsgId: MMSG-26355]
vuser_end.c(25): web_add_header("Sec-Fetch-User") was successful  	[MsgId: MMSG-26392]
vuser_end.c(28): lr_think_time: 48.00 seconds.	[MsgId: MMSG-15948]
vuser_end.c(30): Notify: Transaction "1_signoff" started.	[MsgId: MMSG-16999]
vuser_end.c(31): web_reg_find started  	[MsgId: MMSG-26355]
vuser_end.c(31): Registering web_reg_find was successful  	[MsgId: MMSG-26390]
vuser_end.c(34): web_url("welcome.pl_3") started  	[MsgId: MMSG-26355]
vuser_end.c(34): Error -26366: "Text=Find Flight" not found for web_reg_find  	[MsgId: MERR-26366]
End auto log messages stack.	[MsgId: MMSG-10544]


Start auto log messages stack - Iteration 1.	[MsgId: MMSG-10545]
vuser_end.c(22): web_add_auto_header("Sec-Fetch-Dest") started  	[MsgId: MMSG-26355]
vuser_end.c(22): web_add_auto_header("Sec-Fetch-Dest") was successful  	[MsgId: MMSG-26392]
vuser_end.c(25): web_add_header("Sec-Fetch-User") started  	[MsgId: MMSG-26355]
vuser_end.c(25): web_add_header("Sec-Fetch-User") was successful  	[MsgId: MMSG-26392]
vuser_end.c(28): lr_think_time: 48.00 seconds.	[MsgId: MMSG-15948]
vuser_end.c(30): Notify: Transaction "1_signoff" started.	[MsgId: MMSG-16999]
vuser_end.c(31): web_reg_find started  	[MsgId: MMSG-26355]
vuser_end.c(31): Registering web_reg_find was successful  	[MsgId: MMSG-26390]
vuser_end.c(34): web_url("welcome.pl_3") started  	[MsgId: MMSG-26355]
vuser_end.c(34): Error -26366: "Text=Find Flight" not found for web_reg_find  	[MsgId: MERR-26366]
End auto log messages stack.	[MsgId: MMSG-10544]


